<?xml version="1.0" encoding="UTF-8"?>
<!-- Generated by org.testng.reporters.JUnitXMLReporter -->
<testsuite hostname="Manishs-MacBook-Air.local" ignored="0" name="Amazon Test Cases" tests="1" failures="1" timestamp="20 Sep 2020 05:18:59 GMT" time="30.562" errors="0">
  <testcase name="amazonLogin" time="12.087" classname="com.test.qa.testcases.LoginTest">
    <failure type="org.openqa.selenium.StaleElementReferenceException" message="androidx.test.uiautomator.StaleObjectException
For documentation on this error, please visit: http://seleniumhq.org/exceptions/stale_element_reference.html
Build info: version: &amp;apos;3.14.0&amp;apos;, revision: &amp;apos;aacccce0&amp;apos;, time: &amp;apos;2018-08-02T20:19:58.91Z&amp;apos;
System info: host: &amp;apos;Manishs-MacBook-Air.local&amp;apos;, ip: &amp;apos;fe80:0:0:0:85a:d089:a14b:93e9%en0&amp;apos;, os.name: &amp;apos;Mac OS X&amp;apos;, os.arch: &amp;apos;x86_64&amp;apos;, os.version: &amp;apos;10.15.6&amp;apos;, java.version: &amp;apos;1.8.0_181&amp;apos;
Driver info: io.appium.java_client.android.AndroidDriver
Capabilities {appActivity: com.amazon.mShop.splashscre..., appPackage: com.amazon.mShop.android.sh..., databaseEnabled: false, desired: {appActivity: com.amazon.mShop.splashscre..., appPackage: com.amazon.mShop.android.sh..., deviceName: vivo, noReset: false, platformName: android, platformVersion: 8.1.0, skipUnlock: true, udid: 22326846}, deviceApiLevel: 27, deviceManufacturer: vivo, deviceModel: vivo 1724, deviceName: 22326846, deviceScreenDensity: 320, deviceScreenSize: 720x1440, deviceUDID: 22326846, javascriptEnabled: true, locationContextEnabled: false, networkConnectionEnabled: true, noReset: false, pixelRatio: 2, platform: LINUX, platformName: Android, platformVersion: 8.1.0, skipUnlock: true, statBarHeight: 48, takesScreenshot: true, udid: 22326846, viewportRect: {height: 1308, left: 0, top: 48, width: 720}, warnings: {}, webStorageEnabled: false}
Session ID: 9b630ff9-3920-47ae-8e1f-57feace708f7">
      <![CDATA[org.openqa.selenium.StaleElementReferenceException: androidx.test.uiautomator.StaleObjectException
For documentation on this error, please visit: http://seleniumhq.org/exceptions/stale_element_reference.html
Build info: version: '3.14.0', revision: 'aacccce0', time: '2018-08-02T20:19:58.91Z'
System info: host: 'Manishs-MacBook-Air.local', ip: 'fe80:0:0:0:85a:d089:a14b:93e9%en0', os.name: 'Mac OS X', os.arch: 'x86_64', os.version: '10.15.6', java.version: '1.8.0_181'
Driver info: io.appium.java_client.android.AndroidDriver
Capabilities {appActivity: com.amazon.mShop.splashscre..., appPackage: com.amazon.mShop.android.sh..., databaseEnabled: false, desired: {appActivity: com.amazon.mShop.splashscre..., appPackage: com.amazon.mShop.android.sh..., deviceName: vivo, noReset: false, platformName: android, platformVersion: 8.1.0, skipUnlock: true, udid: 22326846}, deviceApiLevel: 27, deviceManufacturer: vivo, deviceModel: vivo 1724, deviceName: 22326846, deviceScreenDensity: 320, deviceScreenSize: 720x1440, deviceUDID: 22326846, javascriptEnabled: true, locationContextEnabled: false, networkConnectionEnabled: true, noReset: false, pixelRatio: 2, platform: LINUX, platformName: Android, platformVersion: 8.1.0, skipUnlock: true, statBarHeight: 48, takesScreenshot: true, udid: 22326846, viewportRect: {height: 1308, left: 0, top: 48, width: 720}, warnings: {}, webStorageEnabled: false}
Session ID: 9b630ff9-3920-47ae-8e1f-57feace708f7
at org.openqa.selenium.remote.http.W3CHttpResponseCodec.createException(W3CHttpResponseCodec.java:187)
at org.openqa.selenium.remote.http.W3CHttpResponseCodec.decode(W3CHttpResponseCodec.java:122)
at org.openqa.selenium.remote.http.W3CHttpResponseCodec.decode(W3CHttpResponseCodec.java:49)
at org.openqa.selenium.remote.HttpCommandExecutor.execute(HttpCommandExecutor.java:158)
at io.appium.java_client.remote.AppiumCommandExecutor.execute(AppiumCommandExecutor.java:239)
at org.openqa.selenium.remote.RemoteWebDriver.execute(RemoteWebDriver.java:548)
at io.appium.java_client.DefaultGenericMobileDriver.execute(DefaultGenericMobileDriver.java:42)
at io.appium.java_client.AppiumDriver.execute(AppiumDriver.java:1)
at io.appium.java_client.android.AndroidDriver.execute(AndroidDriver.java:1)
at org.openqa.selenium.remote.RemoteWebElement.execute(RemoteWebElement.java:276)
at io.appium.java_client.DefaultGenericMobileElement.execute(DefaultGenericMobileElement.java:45)
at io.appium.java_client.MobileElement.execute(MobileElement.java:1)
at io.appium.java_client.android.AndroidElement.execute(AndroidElement.java:1)
at org.openqa.selenium.remote.RemoteWebElement.sendKeys(RemoteWebElement.java:100)
at io.appium.java_client.pagefactory.ElementInterceptor.getObject(ElementInterceptor.java:40)
at io.appium.java_client.pagefactory.interceptors.InterceptorOfASingleElement.intercept(InterceptorOfASingleElement.java:60)
at io.appium.java_client.android.AndroidElement$$EnhancerByCGLIB$$b598166c.sendKeys(<generated>)
at com.test.qa.pages.LoginPage.login(LoginPage.java:61)
at com.test.qa.testcases.LoginTest.amazonLogin(LoginTest.java:35)
... Removed 33 stack frames]]>
    </failure>
  </testcase> <!-- amazonLogin -->
</testsuite> <!-- Amazon Test Cases -->
