<?xml version="1.0" encoding="UTF-8"?>
<testng-results skipped="0" failed="0" ignored="0" total="1" passed="1">
  <reporter-output>
  </reporter-output>
  <suite name="FREE CRM Application Test Automation Test Suite" duration-ms="42880" started-at="2020-09-20T04:18:59Z" finished-at="2020-09-20T04:19:42Z">
    <groups>
    </groups>
    <test name="Free CRM App Test Cases" duration-ms="42880" started-at="2020-09-20T04:18:59Z" finished-at="2020-09-20T04:19:42Z">
      <class name="com.test.qa.testcases.SwipeTest">
        <test-method status="PASS" signature="setUp()[pri:0, instance:com.test.qa.testcases.SwipeTest@7494e528]" name="setUp" is-config="true" duration-ms="17496" started-at="2020-09-20T04:18:59Z" finished-at="2020-09-20T04:19:17Z">
          <reporter-output>
          </reporter-output>
        </test-method> <!-- setUp -->
        <test-method status="PASS" signature="buyTV()[pri:0, instance:com.test.qa.testcases.SwipeTest@7494e528]" name="buyTV" duration-ms="25032" started-at="2020-09-20T04:19:17Z" finished-at="2020-09-20T04:19:42Z">
          <reporter-output>
          </reporter-output>
        </test-method> <!-- buyTV -->
        <test-method status="PASS" signature="tearDown()[pri:0, instance:com.test.qa.testcases.SwipeTest@7494e528]" name="tearDown" is-config="true" duration-ms="303" started-at="2020-09-20T04:19:42Z" finished-at="2020-09-20T04:19:42Z">
          <reporter-output>
          </reporter-output>
        </test-method> <!-- tearDown -->
      </class> <!-- com.test.qa.testcases.SwipeTest -->
    </test> <!-- Free CRM App Test Cases -->
  </suite> <!-- FREE CRM Application Test Automation Test Suite -->
</testng-results>
