<?xml version="1.0" encoding="UTF-8"?>
<testng-results skipped="0" failed="0" ignored="0" total="1" passed="1">
  <reporter-output>
  </reporter-output>
  <suite name="Default suite" duration-ms="127585" started-at="2020-09-19T17:41:36Z" finished-at="2020-09-19T17:43:44Z">
    <groups>
    </groups>
    <test name="Default test" duration-ms="127585" started-at="2020-09-19T17:41:36Z" finished-at="2020-09-19T17:43:44Z">
      <class name="com.test.qa.testcases.BuyNowTest">
        <test-method status="PASS" signature="setUp()[pri:0, instance:com.test.qa.testcases.BuyNowTest@1efed156]" name="setUp" is-config="true" duration-ms="16479" started-at="2020-09-19T17:41:36Z" finished-at="2020-09-19T17:41:53Z">
          <reporter-output>
          </reporter-output>
        </test-method> <!-- setUp -->
        <test-method status="PASS" signature="buyTV()[pri:0, instance:com.test.qa.testcases.BuyNowTest@1efed156]" name="buyTV" duration-ms="110456" started-at="2020-09-19T17:41:53Z" finished-at="2020-09-19T17:43:43Z">
          <reporter-output>
          </reporter-output>
        </test-method> <!-- buyTV -->
        <test-method status="PASS" signature="tearDown()[pri:0, instance:com.test.qa.testcases.BuyNowTest@1efed156]" name="tearDown" is-config="true" duration-ms="602" started-at="2020-09-19T17:43:43Z" finished-at="2020-09-19T17:43:44Z">
          <reporter-output>
          </reporter-output>
        </test-method> <!-- tearDown -->
      </class> <!-- com.test.qa.testcases.BuyNowTest -->
    </test> <!-- Default test -->
  </suite> <!-- Default suite -->
</testng-results>
